<?xml version="1.0" encoding="UTF-8"?>
<!-- Generated by org.testng.reporters.JUnitReportReporter -->
<testsuite hostname="DESKTOP-CS0S6G9" failures="0" tests="1" name="rahulshettyacademy.ExtentReports.ExtentReportDemo" time="49.723" errors="0" timestamp="2024-09-04T14:04:15 IST" skipped="0">
  <testcase classname="rahulshettyacademy.ExtentReports.ExtentReportDemo" name="initalDemo" time="49.723"/>
</testsuite> <!-- rahulshettyacademy.ExtentReports.ExtentReportDemo -->
